  main.cpp
D:\Algoritmi fundamentali\Grafica\Shadow_proj\shadow_project\shadow_project\main.cpp(332,33): warning C4305: 'argument': truncation from 'double' to 'GLclampf'
D:\Algoritmi fundamentali\Grafica\Shadow_proj\shadow_project\shadow_project\main.cpp(449,17): warning C4305: '-=': truncation from 'double' to 'float'
D:\Algoritmi fundamentali\Grafica\Shadow_proj\shadow_project\shadow_project\main.cpp(451,25): warning C4305: '=': truncation from 'double' to 'float'
D:\Algoritmi fundamentali\Grafica\Shadow_proj\shadow_project\shadow_project\main.cpp(453,24): warning C4305: '=': truncation from 'double' to 'float'
D:\Algoritmi fundamentali\Grafica\Shadow_proj\shadow_project\shadow_project\main.cpp(463,26): warning C4305: '=': truncation from 'double' to 'float'
D:\Algoritmi fundamentali\Grafica\Shadow_proj\shadow_project\shadow_project\main.cpp(465,25): warning C4305: '=': truncation from 'double' to 'float'
  Generating code
  0 of 1722 functions ( 0.0%) were compiled, the rest were copied from previous compilation.
    0 functions were new in current compilation
    0 functions had inline decision re-evaluated but remain unchanged
  Finished generating code
LINK : warning LNK4286: symbol '__glewGenBuffers' defined in 'libglew32.lib(glew.obj)' is imported by 'Mesh.obj'
LINK : warning LNK4286: symbol '__glewGenVertexArrays' defined in 'libglew32.lib(glew.obj)' is imported by 'Mesh.obj'
LINK : warning LNK4286: symbol '__glewActiveTexture' defined in 'libglew32.lib(glew.obj)' is imported by 'Mesh.obj'
LINK : warning LNK4286: symbol '__glewBufferData' defined in 'libglew32.lib(glew.obj)' is imported by 'Mesh.obj'
LINK : warning LNK4286: symbol '__glewGetUniformLocation' defined in 'libglew32.lib(glew.obj)' is imported by 'Mesh.obj'
LINK : warning LNK4286: symbol '__glewUniform1i' defined in 'libglew32.lib(glew.obj)' is imported by 'Mesh.obj'
LINK : warning LNK4286: symbol '__glewBindBuffer' defined in 'libglew32.lib(glew.obj)' is imported by 'Mesh.obj'
LINK : warning LNK4286: symbol '__glewVertexAttribPointer' defined in 'libglew32.lib(glew.obj)' is imported by 'Mesh.obj'
LINK : warning LNK4286: symbol '__glewBindVertexArray' defined in 'libglew32.lib(glew.obj)' is imported by 'Mesh.obj'
LINK : warning LNK4286: symbol '__glewEnableVertexAttribArray' defined in 'libglew32.lib(glew.obj)' is imported by 'Mesh.obj'
LINK : warning LNK4286: symbol '__glewDeleteBuffers' defined in 'libglew32.lib(glew.obj)' is imported by 'Model3D.obj'
LINK : warning LNK4286: symbol '__glewGenerateMipmap' defined in 'libglew32.lib(glew.obj)' is imported by 'Model3D.obj'
LINK : warning LNK4286: symbol '__glewDeleteVertexArrays' defined in 'libglew32.lib(glew.obj)' is imported by 'Model3D.obj'
  shadow_project.vcxproj -> D:\Algoritmi fundamentali\Grafica\Shadow_proj\shadow_project\x64\Release\shadow_project.exe
